# JRE version: OpenJDK Runtime Environment (17.0.7) (build 17.0.7+0-b2043.56-10550314)
# Java VM: OpenJDK 64-Bit Server VM (17.0.7+0-b2043.56-10550314, mixed mode, tiered, compressed oops, compressed class ptrs, g1 gc, windows-amd64)
GC Precious Log:
 CPUs: 8 total, 8 available
 Memory: 8029M
 Large Page Support: Disabled
 NUMA Support: Disabled
 Compressed Oops: Enabled (32-bit)
 Heap Region Size: 1M
 Heap Min Capacity: 8M
 Heap Initial Capacity: 126M
 Heap Max Capacity: 2G
 Pre-touch: Disabled
 Parallel Workers: 8
 Concurrent Workers: 2
 Concurrent Refinement Workers: 8
 Periodic GC: Disabled
Heap:
 garbage-first heap   total 217088K, used 167231K [0x0000000080000000, 0x0000000100000000)
  region size 1024K, 67 young (68608K), 10 survivors (10240K)
 Metaspace       used 110794K, committed 111552K, reserved 1179648K
  class space    used 15506K, committed 15872K, reserved 1048576K
GC Heap History (20 events):
Event: 4.745 GC heap before
{Heap before GC invocations=14 (full 0):
 garbage-first heap   total 81920K, used 33685K [0x0000000080000000, 0x0000000100000000)
  region size 1024K, 6 young (6144K), 5 survivors (5120K)
 Metaspace       used 49222K, committed 49600K, reserved 1114112K
  class space    used 6472K, committed 6656K, reserved 1048576K
}
Event: 4.750 GC heap after
{Heap after GC invocations=15 (full 0):
 garbage-first heap   total 81920K, used 33017K [0x0000000080000000, 0x0000000100000000)
  region size 1024K, 1 young (1024K), 1 survivors (1024K)
 Metaspace       used 49222K, committed 49600K, reserved 1114112K
  class space    used 6472K, committed 6656K, reserved 1048576K
}
Event: 5.100 GC heap before
{Heap before GC invocations=15 (full 0):
 garbage-first heap   total 81920K, used 68857K [0x0000000080000000, 0x0000000100000000)
  region size 1024K, 31 young (31744K), 1 survivors (1024K)
 Metaspace       used 49795K, committed 50176K, reserved 1114112K
  class space    used 6535K, committed 6720K, reserved 1048576K
}
Event: 5.104 GC heap after
{Heap after GC invocations=16 (full 0):
 garbage-first heap   total 217088K, used 44992K [0x0000000080000000, 0x0000000100000000)
  region size 1024K, 4 young (4096K), 4 survivors (4096K)
 Metaspace       used 49795K, committed 50176K, reserved 1114112K
  class space    used 6535K, committed 6720K, reserved 1048576K
}
Event: 6.545 GC heap before
{Heap before GC invocations=16 (full 0):
 garbage-first heap   total 217088K, used 148416K [0x0000000080000000, 0x0000000100000000)
  region size 1024K, 104 young (106496K), 4 survivors (4096K)
 Metaspace       used 64434K, committed 64832K, reserved 1114112K
  class space    used 8400K, committed 8576K, reserved 1048576K
}
Event: 6.553 GC heap after
{Heap after GC invocations=17 (full 0):
 garbage-first heap   total 217088K, used 56075K [0x0000000080000000, 0x0000000100000000)
  region size 1024K, 13 young (13312K), 13 survivors (13312K)
 Metaspace       used 64434K, committed 64832K, reserved 1114112K
  class space    used 8400K, committed 8576K, reserved 1048576K
}
Event: 7.523 GC heap before
{Heap before GC invocations=17 (full 0):
 garbage-first heap   total 217088K, used 158475K [0x0000000080000000, 0x0000000100000000)
  region size 1024K, 113 young (115712K), 13 survivors (13312K)
 Metaspace       used 73317K, committed 73792K, reserved 1114112K
  class space    used 9757K, committed 9984K, reserved 1048576K
}
Event: 7.533 GC heap after
{Heap after GC invocations=18 (full 0):
 garbage-first heap   total 217088K, used 63647K [0x0000000080000000, 0x0000000100000000)
  region size 1024K, 8 young (8192K), 8 survivors (8192K)
 Metaspace       used 73317K, committed 73792K, reserved 1114112K
  class space    used 9757K, committed 9984K, reserved 1048576K
}
Event: 7.883 GC heap before
{Heap before GC invocations=18 (full 0):
 garbage-first heap   total 217088K, used 95391K [0x0000000080000000, 0x0000000100000000)
  region size 1024K, 40 young (40960K), 8 survivors (8192K)
 Metaspace       used 76264K, committed 76736K, reserved 1179648K
  class space    used 10188K, committed 10432K, reserved 1048576K
}
Event: 7.890 GC heap after
{Heap after GC invocations=19 (full 0):
 garbage-first heap   total 217088K, used 66717K [0x0000000080000000, 0x0000000100000000)
  region size 1024K, 3 young (3072K), 3 survivors (3072K)
 Metaspace       used 76264K, committed 76736K, reserved 1179648K
  class space    used 10188K, committed 10432K, reserved 1048576K
}
Event: 8.787 GC heap before
{Heap before GC invocations=20 (full 0):
 garbage-first heap   total 217088K, used 167069K [0x0000000080000000, 0x0000000100000000)
  region size 1024K, 101 young (103424K), 3 survivors (3072K)
 Metaspace       used 83396K, committed 83904K, reserved 1179648K
  class space    used 11208K, committed 11456K, reserved 1048576K
}
Event: 8.797 GC heap after
{Heap after GC invocations=21 (full 0):
 garbage-first heap   total 217088K, used 77308K [0x0000000080000000, 0x0000000100000000)
  region size 1024K, 13 young (13312K), 13 survivors (13312K)
 Metaspace       used 83396K, committed 83904K, reserved 1179648K
  class space    used 11208K, committed 11456K, reserved 1048576K
}
Event: 9.545 GC heap before
{Heap before GC invocations=22 (full 0):
 garbage-first heap   total 217088K, used 169468K [0x0000000080000000, 0x0000000100000000)
  region size 1024K, 104 young (106496K), 13 survivors (13312K)
 Metaspace       used 86373K, committed 86976K, reserved 1179648K
  class space    used 11747K, committed 12032K, reserved 1048576K
}
Event: 9.558 GC heap after
{Heap after GC invocations=23 (full 0):
 garbage-first heap   total 217088K, used 85928K [0x0000000080000000, 0x0000000100000000)
  region size 1024K, 9 young (9216K), 9 survivors (9216K)
 Metaspace       used 86373K, committed 86976K, reserved 1179648K
  class space    used 11747K, committed 12032K, reserved 1048576K
}
Event: 10.546 GC heap before
{Heap before GC invocations=23 (full 0):
 garbage-first heap   total 217088K, used 170920K [0x0000000080000000, 0x0000000100000000)
  region size 1024K, 93 young (95232K), 9 survivors (9216K)
 Metaspace       used 93291K, committed 93888K, reserved 1179648K
  class space    used 12672K, committed 12928K, reserved 1048576K
}
Event: 10.557 GC heap after
{Heap after GC invocations=24 (full 0):
 garbage-first heap   total 217088K, used 93278K [0x0000000080000000, 0x0000000100000000)
  region size 1024K, 7 young (7168K), 7 survivors (7168K)
 Metaspace       used 93291K, committed 93888K, reserved 1179648K
  class space    used 12672K, committed 12928K, reserved 1048576K
}
Event: 16.809 GC heap before
{Heap before GC invocations=24 (full 0):
 garbage-first heap   total 217088K, used 172126K [0x0000000080000000, 0x0000000100000000)
  region size 1024K, 85 young (87040K), 7 survivors (7168K)
 Metaspace       used 97132K, committed 97792K, reserved 1179648K
  class space    used 13177K, committed 13504K, reserved 1048576K
}
Event: 16.819 GC heap after
{Heap after GC invocations=25 (full 0):
 garbage-first heap   total 217088K, used 99423K [0x0000000080000000, 0x0000000100000000)
  region size 1024K, 7 young (7168K), 7 survivors (7168K)
 Metaspace       used 97132K, committed 97792K, reserved 1179648K
  class space    used 13177K, committed 13504K, reserved 1048576K
}
Event: 17.360 GC heap before
{Heap before GC invocations=25 (full 0):
 garbage-first heap   total 217088K, used 175199K [0x0000000080000000, 0x0000000100000000)
  region size 1024K, 80 young (81920K), 7 survivors (7168K)
 Metaspace       used 107596K, committed 108288K, reserved 1179648K
  class space    used 15005K, committed 15360K, reserved 1048576K
}
Event: 17.372 GC heap after
{Heap after GC invocations=26 (full 0):
 garbage-first heap   total 217088K, used 109887K [0x0000000080000000, 0x0000000100000000)
  region size 1024K, 10 young (10240K), 10 survivors (10240K)
 Metaspace       used 107596K, committed 108288K, reserved 1179648K
  class space    used 15005K, committed 15360K, reserved 1048576K
}

